mode: set
github.com/marianina8/gocodecli/mod4/healthcheck/main.go:9.13,11.2 1 0
github.com/marianina8/gocodecli/mod4/healthcheck/logger/logger.go:14.60,16.2 1 0
github.com/marianina8/gocodecli/mod4/healthcheck/logger/logger.go:18.82,20.2 1 0
github.com/marianina8/gocodecli/mod4/healthcheck/logger/logger.go:22.81,23.57 1 0
github.com/marianina8/gocodecli/mod4/healthcheck/logger/logger.go:23.57,25.3 1 0
github.com/marianina8/gocodecli/mod4/healthcheck/logger/logger.go:26.2,26.55 1 0
github.com/marianina8/gocodecli/mod4/healthcheck/logger/logger.go:26.55,28.3 1 0
github.com/marianina8/gocodecli/mod4/healthcheck/logger/logger.go:29.2,29.12 1 0
github.com/marianina8/gocodecli/mod4/healthcheck/logger/logger.go:32.72,37.2 1 0
github.com/marianina8/gocodecli/mod4/healthcheck/logger/logger.go:39.66,44.2 1 0
github.com/marianina8/gocodecli/mod4/healthcheck/logger/logger.go:46.72,48.16 2 0
github.com/marianina8/gocodecli/mod4/healthcheck/logger/logger.go:48.16,51.3 2 0
github.com/marianina8/gocodecli/mod4/healthcheck/logger/logger.go:52.2,52.22 1 0
github.com/marianina8/gocodecli/mod4/healthcheck/logger/logger.go:52.22,57.3 1 0
github.com/marianina8/gocodecli/mod4/healthcheck/logger/logger.go:57.8,62.3 1 0
github.com/marianina8/gocodecli/mod4/healthcheck/logger/logger.go:65.76,67.20 2 0
github.com/marianina8/gocodecli/mod4/healthcheck/logger/logger.go:67.20,68.23 1 0
github.com/marianina8/gocodecli/mod4/healthcheck/logger/logger.go:68.23,73.4 1 0
github.com/marianina8/gocodecli/mod4/healthcheck/logger/logger.go:73.9,78.4 1 0
github.com/marianina8/gocodecli/mod4/healthcheck/logger/logger.go:81.2,81.13 1 0
github.com/marianina8/gocodecli/mod4/healthcheck/logger/logger.go:81.13,83.3 1 0
github.com/marianina8/gocodecli/mod4/healthcheck/logger/logger.go:83.8,85.3 1 0
github.com/marianina8/gocodecli/mod4/healthcheck/logger/logger.go:87.2,87.12 1 0
github.com/marianina8/gocodecli/mod4/healthcheck/logger/logger.go:87.12,89.3 1 0
github.com/marianina8/gocodecli/mod4/healthcheck/logger/logger.go:90.2,90.26 1 0
github.com/marianina8/gocodecli/mod4/healthcheck/cmd/check.go:26.47,28.24 2 1
github.com/marianina8/gocodecli/mod4/healthcheck/cmd/check.go:28.24,34.29 5 1
github.com/marianina8/gocodecli/mod4/healthcheck/cmd/check.go:34.29,36.47 2 1
github.com/marianina8/gocodecli/mod4/healthcheck/cmd/check.go:36.47,38.6 1 1
github.com/marianina8/gocodecli/mod4/healthcheck/cmd/check.go:39.5,39.40 1 1
github.com/marianina8/gocodecli/mod4/healthcheck/cmd/check.go:41.4,41.18 1 1
github.com/marianina8/gocodecli/mod4/healthcheck/cmd/check.go:42.9,43.29 1 1
github.com/marianina8/gocodecli/mod4/healthcheck/cmd/check.go:43.29,45.5 1 1
github.com/marianina8/gocodecli/mod4/healthcheck/cmd/check.go:48.57,49.28 1 1
github.com/marianina8/gocodecli/mod4/healthcheck/cmd/check.go:49.28,50.24 1 1
github.com/marianina8/gocodecli/mod4/healthcheck/cmd/check.go:50.24,52.5 1 0
github.com/marianina8/gocodecli/mod4/healthcheck/cmd/check.go:54.3,54.13 1 1
github.com/marianina8/gocodecli/mod4/healthcheck/cmd/check.go:58.13,60.2 1 1
github.com/marianina8/gocodecli/mod4/healthcheck/cmd/check.go:62.85,68.33 5 1
github.com/marianina8/gocodecli/mod4/healthcheck/cmd/check.go:68.33,70.3 1 1
github.com/marianina8/gocodecli/mod4/healthcheck/cmd/check.go:71.2,71.50 1 1
github.com/marianina8/gocodecli/mod4/healthcheck/cmd/check.go:71.50,74.17 3 1
github.com/marianina8/gocodecli/mod4/healthcheck/cmd/check.go:74.17,76.4 1 0
github.com/marianina8/gocodecli/mod4/healthcheck/cmd/check.go:78.3,81.17 4 1
github.com/marianina8/gocodecli/mod4/healthcheck/cmd/check.go:81.17,83.4 1 1
github.com/marianina8/gocodecli/mod4/healthcheck/cmd/check.go:85.3,86.17 2 1
github.com/marianina8/gocodecli/mod4/healthcheck/cmd/check.go:86.17,88.38 2 1
github.com/marianina8/gocodecli/mod4/healthcheck/cmd/check.go:88.38,90.5 1 1
github.com/marianina8/gocodecli/mod4/healthcheck/cmd/check.go:90.10,92.5 1 1
github.com/marianina8/gocodecli/mod4/healthcheck/cmd/check.go:93.4,93.9 1 1
github.com/marianina8/gocodecli/mod4/healthcheck/cmd/check.go:96.3,96.10 1 1
github.com/marianina8/gocodecli/mod4/healthcheck/cmd/check.go:97.21,99.19 2 1
github.com/marianina8/gocodecli/mod4/healthcheck/cmd/check.go:100.38,101.49 1 0
github.com/marianina8/gocodecli/mod4/healthcheck/cmd/check.go:103.3,103.18 1 1
github.com/marianina8/gocodecli/mod4/healthcheck/cmd/check.go:105.2,105.22 1 1
github.com/marianina8/gocodecli/mod4/healthcheck/cmd/check.go:105.22,108.3 2 1
github.com/marianina8/gocodecli/mod4/healthcheck/cmd/check.go:110.2,110.38 1 1
github.com/marianina8/gocodecli/mod4/healthcheck/cmd/check.go:110.38,112.3 1 1
github.com/marianina8/gocodecli/mod4/healthcheck/cmd/check.go:112.8,114.3 1 1
github.com/marianina8/gocodecli/mod4/healthcheck/cmd/check.go:118.32,120.16 2 1
github.com/marianina8/gocodecli/mod4/healthcheck/cmd/check.go:120.16,122.3 1 0
github.com/marianina8/gocodecli/mod4/healthcheck/cmd/check.go:123.2,123.55 1 1
github.com/marianina8/gocodecli/mod4/healthcheck/cmd/completion.go:45.47,46.18 1 0
github.com/marianina8/gocodecli/mod4/healthcheck/cmd/completion.go:47.15,48.43 1 0
github.com/marianina8/gocodecli/mod4/healthcheck/cmd/completion.go:49.14,50.42 1 0
github.com/marianina8/gocodecli/mod4/healthcheck/cmd/completion.go:51.15,52.49 1 0
github.com/marianina8/gocodecli/mod4/healthcheck/cmd/completion.go:53.21,54.49 1 0
github.com/marianina8/gocodecli/mod4/healthcheck/cmd/completion.go:59.13,61.2 1 1
github.com/marianina8/gocodecli/mod4/healthcheck/cmd/history.go:30.57,32.17 2 0
github.com/marianina8/gocodecli/mod4/healthcheck/cmd/history.go:32.17,35.4 2 0
github.com/marianina8/gocodecli/mod4/healthcheck/cmd/history.go:36.3,36.13 1 0
github.com/marianina8/gocodecli/mod4/healthcheck/cmd/history.go:38.47,40.3 1 0
github.com/marianina8/gocodecli/mod4/healthcheck/cmd/history.go:43.13,46.2 2 1
github.com/marianina8/gocodecli/mod4/healthcheck/cmd/history.go:48.36,51.16 3 0
github.com/marianina8/gocodecli/mod4/healthcheck/cmd/history.go:51.16,54.3 2 0
github.com/marianina8/gocodecli/mod4/healthcheck/cmd/history.go:55.2,58.16 3 0
github.com/marianina8/gocodecli/mod4/healthcheck/cmd/history.go:58.16,61.3 2 0
github.com/marianina8/gocodecli/mod4/healthcheck/cmd/history.go:63.2,64.21 2 0
github.com/marianina8/gocodecli/mod4/healthcheck/cmd/history.go:64.21,67.62 3 0
github.com/marianina8/gocodecli/mod4/healthcheck/cmd/history.go:67.62,69.12 2 0
github.com/marianina8/gocodecli/mod4/healthcheck/cmd/history.go:72.3,72.61 1 0
github.com/marianina8/gocodecli/mod4/healthcheck/cmd/history.go:72.61,74.4 1 0
github.com/marianina8/gocodecli/mod4/healthcheck/cmd/history.go:78.46,80.27 2 0
github.com/marianina8/gocodecli/mod4/healthcheck/cmd/history.go:80.27,82.3 1 0
github.com/marianina8/gocodecli/mod4/healthcheck/cmd/history.go:83.2,83.15 1 0
github.com/marianina8/gocodecli/mod4/healthcheck/cmd/monitor.go:24.47,27.3 2 0
github.com/marianina8/gocodecli/mod4/healthcheck/cmd/monitor.go:28.57,29.28 1 0
github.com/marianina8/gocodecli/mod4/healthcheck/cmd/monitor.go:29.28,30.24 1 0
github.com/marianina8/gocodecli/mod4/healthcheck/cmd/monitor.go:30.24,32.5 1 0
github.com/marianina8/gocodecli/mod4/healthcheck/cmd/monitor.go:34.3,34.13 1 0
github.com/marianina8/gocodecli/mod4/healthcheck/cmd/monitor.go:38.13,41.2 2 1
github.com/marianina8/gocodecli/mod4/healthcheck/cmd/monitor.go:43.54,47.23 4 0
github.com/marianina8/gocodecli/mod4/healthcheck/cmd/monitor.go:47.23,49.3 1 0
github.com/marianina8/gocodecli/mod4/healthcheck/cmd/monitor.go:50.2,50.21 1 0
github.com/marianina8/gocodecli/mod4/healthcheck/cmd/monitor.go:50.21,51.24 1 0
github.com/marianina8/gocodecli/mod4/healthcheck/cmd/monitor.go:51.24,57.29 5 0
github.com/marianina8/gocodecli/mod4/healthcheck/cmd/monitor.go:57.29,59.47 2 0
github.com/marianina8/gocodecli/mod4/healthcheck/cmd/monitor.go:59.47,61.6 1 0
github.com/marianina8/gocodecli/mod4/healthcheck/cmd/monitor.go:62.5,64.55 3 0
github.com/marianina8/gocodecli/mod4/healthcheck/cmd/monitor.go:67.4,70.18 4 0
github.com/marianina8/gocodecli/mod4/healthcheck/cmd/monitor.go:70.18,72.5 1 0
github.com/marianina8/gocodecli/mod4/healthcheck/cmd/monitor.go:73.4,74.18 2 0
github.com/marianina8/gocodecli/mod4/healthcheck/cmd/monitor.go:75.9,76.29 1 0
github.com/marianina8/gocodecli/mod4/healthcheck/cmd/monitor.go:76.29,78.5 1 0
github.com/marianina8/gocodecli/mod4/healthcheck/cmd/root.go:42.47,44.18 2 0
github.com/marianina8/gocodecli/mod4/healthcheck/cmd/root.go:44.18,47.4 2 0
github.com/marianina8/gocodecli/mod4/healthcheck/cmd/root.go:49.60,53.24 4 1
github.com/marianina8/gocodecli/mod4/healthcheck/cmd/root.go:53.24,56.4 2 1
github.com/marianina8/gocodecli/mod4/healthcheck/cmd/root.go:57.3,57.63 1 1
github.com/marianina8/gocodecli/mod4/healthcheck/cmd/root.go:61.16,65.52 3 0
github.com/marianina8/gocodecli/mod4/healthcheck/cmd/root.go:65.52,68.3 2 0
github.com/marianina8/gocodecli/mod4/healthcheck/cmd/root.go:71.13,79.2 7 1
github.com/marianina8/gocodecli/mod4/healthcheck/cmd/version.go:20.47,22.3 1 0
github.com/marianina8/gocodecli/mod4/healthcheck/cmd/version.go:25.13,27.2 1 1
github.com/marianina8/gocodecli/mod4/healthcheck/cmd/version.go:29.21,31.2 1 0
github.com/marianina8/gocodecli/mod4/healthcheck/logger/logger.go:14.60,16.2 1 1
github.com/marianina8/gocodecli/mod4/healthcheck/logger/logger.go:18.82,20.2 1 1
github.com/marianina8/gocodecli/mod4/healthcheck/logger/logger.go:22.81,23.57 1 1
github.com/marianina8/gocodecli/mod4/healthcheck/logger/logger.go:23.57,25.3 1 0
github.com/marianina8/gocodecli/mod4/healthcheck/logger/logger.go:26.2,26.55 1 1
github.com/marianina8/gocodecli/mod4/healthcheck/logger/logger.go:26.55,28.3 1 0
github.com/marianina8/gocodecli/mod4/healthcheck/logger/logger.go:29.2,29.12 1 1
github.com/marianina8/gocodecli/mod4/healthcheck/logger/logger.go:32.72,37.2 1 0
github.com/marianina8/gocodecli/mod4/healthcheck/logger/logger.go:39.66,44.2 1 0
github.com/marianina8/gocodecli/mod4/healthcheck/logger/logger.go:46.72,48.16 2 1
github.com/marianina8/gocodecli/mod4/healthcheck/logger/logger.go:48.16,51.3 2 0
github.com/marianina8/gocodecli/mod4/healthcheck/logger/logger.go:52.2,52.22 1 1
github.com/marianina8/gocodecli/mod4/healthcheck/logger/logger.go:52.22,57.3 1 0
github.com/marianina8/gocodecli/mod4/healthcheck/logger/logger.go:57.8,62.3 1 1
github.com/marianina8/gocodecli/mod4/healthcheck/logger/logger.go:65.76,67.20 2 1
github.com/marianina8/gocodecli/mod4/healthcheck/logger/logger.go:67.20,68.23 1 0
github.com/marianina8/gocodecli/mod4/healthcheck/logger/logger.go:68.23,73.4 1 0
github.com/marianina8/gocodecli/mod4/healthcheck/logger/logger.go:73.9,78.4 1 0
github.com/marianina8/gocodecli/mod4/healthcheck/logger/logger.go:81.2,81.13 1 1
github.com/marianina8/gocodecli/mod4/healthcheck/logger/logger.go:81.13,83.3 1 0
github.com/marianina8/gocodecli/mod4/healthcheck/logger/logger.go:83.8,85.3 1 1
github.com/marianina8/gocodecli/mod4/healthcheck/logger/logger.go:87.2,87.12 1 1
github.com/marianina8/gocodecli/mod4/healthcheck/logger/logger.go:87.12,89.3 1 1
github.com/marianina8/gocodecli/mod4/healthcheck/logger/logger.go:90.2,90.26 1 1
